#
# There is insufficient memory for the Java Runtime Environment to continue.
# Native memory allocation (malloc) failed to allocate 1048576 bytes for AllocateHeap
# Possible reasons:
#   The system is out of physical RAM or swap space
#   The process is running with CompressedOops enabled, and the Java Heap may be blocking the growth of the native heap
# Possible solutions:
#   Reduce memory load on the system
#   Increase physical memory or swap space
#   Check if swap backing store is full
#   Decrease Java heap size (-Xmx/-Xms)
#   Decrease number of Java threads
#   Decrease Java thread stack sizes (-Xss)
#   Set larger code cache with -XX:ReservedCodeCacheSize=
#   JVM is running with Unscaled Compressed Oops mode in which the Java heap is
#     placed in the first 4GB address space. The Java Heap base address is the
#     maximum limit for the native heap growth. Please use -XX:HeapBaseMinAddress
#     to set the Java Heap base and to place the Java Heap above 4GB virtual address.
# This output file may be truncated or incomplete.
#
#  Out of Memory Error (memory/allocation.inline.hpp:61), pid=16124, tid=0x00000000000032a8
#
# JRE version:  (8.0_242-b01) (build )
# Java VM: OpenJDK 64-Bit Server VM (25.242-b01 mixed mode windows-amd64 compressed oops)
# Failed to write core dump. Minidumps are not enabled by default on client versions of Windows
#

---------------  T H R E A D  ---------------

Current thread (0x0000000002482800):  JavaThread "Unknown thread" [_thread_in_vm, id=12968, stack(0x00000000022f0000,0x00000000023f0000)]

Stack: [0x00000000022f0000,0x00000000023f0000]
[error occurred during error reporting (printing stack bounds), id 0xc0000005]

Native frames: (J=compiled Java code, j=interpreted, Vv=VM code, C=native code)


---------------  P R O C E S S  ---------------

Java Threads: ( => current thread )

Other Threads:

=>0x0000000002482800 (exited) JavaThread "Unknown thread" [_thread_in_vm, id=12968, stack(0x00000000022f0000,0x00000000023f0000)]

VM state:not at safepoint (normal execution)

VM Mutex/Monitor currently owned by a thread: None

heap address: 0x00000000c1600000, size: 1002 MB, Compressed Oops mode: 32-bit
Narrow klass base: 0x0000000000000000, Narrow klass shift: 3
Compressed class space size: 1073741824 Address: 0x0000000100000000

Heap:
 PSYoungGen      total 18944K, used 327K [0x00000000eb200000, 0x00000000ec700000, 0x0000000100000000)
  eden space 16384K, 2% used [0x00000000eb200000,0x00000000eb251ec8,0x00000000ec200000)
  from space 2560K, 0% used [0x00000000ec480000,0x00000000ec480000,0x00000000ec700000)
  to   space 2560K, 0% used [0x00000000ec200000,0x00000000ec200000,0x00000000ec480000)
 ParOldGen       total 44032K, used 0K [0x00000000c1600000, 0x00000000c4100000, 0x00000000eb200000)
  object space 44032K, 0% used [0x00000000c1600000,0x00000000c1600000,0x00000000c4100000)
 Metaspace       used 779K, capacity 4480K, committed 4480K, reserved 1056768K
  class space    used 74K, capacity 384K, committed 384K, reserved 1048576K

Card table byte_map: [0x0000000011940000,0x0000000011b40000] byte_map_base: 0x0000000011335000

Marking Bits: (ParMarkBitMap*) 0x000000006f78f030
 Begin Bits: [0x0000000012090000, 0x0000000013038000)
 End Bits:   [0x0000000013038000, 0x0000000013fe0000)

Polling page: 0x0000000000a90000

CodeCache: size=245760Kb used=328Kb max_used=328Kb free=245431Kb
 bounds [0x0000000002580000, 0x00000000027f0000, 0x0000000011580000]
 total_blobs=57 nmethods=0 adapters=38
 compilation: enabled

Compilation events (0 events):
No events

GC Heap History (0 events):
No events

Deoptimization events (0 events):
No events

Classes redefined (0 events):
No events

Internal exceptions (0 events):
No events

Events (10 events):
Event: 1.091 loading class java/lang/Short
Event: 1.091 loading class java/lang/Short done
Event: 1.091 loading class java/lang/Integer
Event: 1.092 loading class java/lang/Integer done
Event: 1.092 loading class java/lang/Long
Event: 1.093 loading class java/lang/Long done
Event: 1.106 loading class java/lang/NullPointerException
Event: 1.106 loading class java/lang/NullPointerException done
Event: 1.106 loading class java/lang/ArithmeticException
Event: 1.106 loading class java/lang/ArithmeticException done


Dynamic libraries:
0x00007ff73c580000 - 0x00007ff73c5b1000 	D:\Program Files\Android\jre\bin\java.EXE
0x00007ffdcf900000 - 0x00007ffdcfaf0000 	C:\WINDOWS\SYSTEM32\ntdll.dll
0x00007ffdcdd20000 - 0x00007ffdcddd2000 	C:\WINDOWS\System32\KERNEL32.DLL
0x00007ffdcc9e0000 - 0x00007ffdccc84000 	C:\WINDOWS\System32\KERNELBASE.dll
0x00007ffdcda50000 - 0x00007ffdcdaf3000 	C:\WINDOWS\System32\ADVAPI32.dll
0x00007ffdce850000 - 0x00007ffdce8ee000 	C:\WINDOWS\System32\msvcrt.dll
0x00007ffdcf1d0000 - 0x00007ffdcf267000 	C:\WINDOWS\System32\sechost.dll
0x00007ffdce8f0000 - 0x00007ffdcea10000 	C:\WINDOWS\System32\RPCRT4.dll
0x00007ffdcdde0000 - 0x00007ffdcdf74000 	C:\WINDOWS\System32\USER32.dll
0x00007ffdccc90000 - 0x00007ffdcccb1000 	C:\WINDOWS\System32\win32u.dll
0x00007ffdcf320000 - 0x00007ffdcf346000 	C:\WINDOWS\System32\GDI32.dll
0x00007ffdcd470000 - 0x00007ffdcd606000 	C:\WINDOWS\System32\gdi32full.dll
0x00007ffdcd810000 - 0x00007ffdcd8ae000 	C:\WINDOWS\System32\msvcp_win.dll
0x00007ffdcd8b0000 - 0x00007ffdcd9aa000 	C:\WINDOWS\System32\ucrtbase.dll
0x00007ffdc1d10000 - 0x00007ffdc1f94000 	C:\WINDOWS\WinSxS\amd64_microsoft.windows.common-controls_6595b64144ccf1df_6.0.18362.959_none_e6c7bbbf130c62bb\COMCTL32.dll
0x00007ffdcf490000 - 0x00007ffdcf7c5000 	C:\WINDOWS\System32\combase.dll
0x00007ffdcc900000 - 0x00007ffdcc980000 	C:\WINDOWS\System32\bcryptPrimitives.dll
0x00007ffdcf7d0000 - 0x00007ffdcf7fe000 	C:\WINDOWS\System32\IMM32.DLL
0x000000006f810000 - 0x000000006f8e2000 	D:\Program Files\Android\jre\jre\bin\msvcr100.dll
0x000000006efc0000 - 0x000000006f80b000 	D:\Program Files\Android\jre\jre\bin\server\jvm.dll
0x00007ffdcefd0000 - 0x00007ffdcefd8000 	C:\WINDOWS\System32\PSAPI.DLL
0x00007ffdc3b70000 - 0x00007ffdc3b7a000 	C:\WINDOWS\SYSTEM32\VERSION.dll
0x00007ffdc3880000 - 0x00007ffdc38a4000 	C:\WINDOWS\SYSTEM32\WINMM.dll
0x00007ffdc8e10000 - 0x00007ffdc8e19000 	C:\WINDOWS\SYSTEM32\WSOCK32.dll
0x00007ffdc3850000 - 0x00007ffdc387d000 	C:\WINDOWS\SYSTEM32\winmmbase.dll
0x00007ffdcf160000 - 0x00007ffdcf1cf000 	C:\WINDOWS\System32\WS2_32.dll
0x00007ffdcc880000 - 0x00007ffdcc8ca000 	C:\WINDOWS\System32\cfgmgr32.dll
0x00007ffdc64b0000 - 0x00007ffdc64bf000 	D:\Program Files\Android\jre\jre\bin\verify.dll
0x00007ffdb8c40000 - 0x00007ffdb8c69000 	D:\Program Files\Android\jre\jre\bin\java.dll
0x00007ffdba200000 - 0x00007ffdba216000 	D:\Program Files\Android\jre\jre\bin\zip.dll

VM Arguments:
java_command: <unknown>
java_class_path (initial): .
Launcher Type: SUN_STANDARD

Environment Variables:
JAVA_HOME=C:\Program Files\Java\jdk1.8.0_221
PATH=C:\Program Files\Java\jdk1.8.0_221;C:\WINDOWS\system32;C:\WINDOWS;C:\WINDOWS\System32\Wbem;C:\WINDOWS\System32\WindowsPowerShell\v1.0\;C:\WINDOWS\System32\OpenSSH\;D:\Program Files\nodejs\;C:\Program Files\Haskell Platform\8.6.3\mingw\bin;C:\Program Files\Git\cmd;C:\Program Files (x86)\gradle-5.6.2\bin;D:\src\flutter\bin;D:\Miniconda3\Library\mingw-w64\bin;D:\Miniconda3;D:\Miniconda3\Library\usr\bin;D:\Miniconda3\Library\bin;D:\Miniconda3\Scripts;C:\Program Files (x86)\Microsoft ASP.NET\ASP.NET Web Pages\v1.0\;C:\Program Files\Microsoft SQL Server\110\Tools\Binn\;C:\Program Files\Dart\dart-sdk\bin;C:\Users\antonio\AppData\Roaming\cabal\bin;C:\Users\antonio\AppData\Roaming\local\bin;D:\Users\antonio\AppData\Local\Programs\Python\Python37-32\Scripts\;D:\Users\antonio\AppData\Local\Programs\Python\Python37-32\;C:\Users\antonio\AppData\Local\Microsoft\WindowsApps;D:\Program Files\JetBrains\IntelliJ IDEA 2018.3.4\bin;C:\Users\antonio\AppData\Roaming\npm;C:\Users\antonio\AppData\Local\GitHubDesktop\bin;C:\Users\antonio\AppData\Local\Microsoft\WindowsApps;C:\Users\antonio\AppData\Local\Programs\Microsoft VS Code\bin;C:\Program Files\Java\jdk1.8.0_221;C:\Program Files (x86)\gradle-5.6.2\bin;D:\src\flutter\bin;;D:\src\flutter\bin\mingit\cmd
USERNAME=antonio
OS=Windows_NT
PROCESSOR_IDENTIFIER=Intel64 Family 6 Model 78 Stepping 3, GenuineIntel



---------------  S Y S T E M  ---------------

OS: Windows 10.0 , 64 bit Build 18362 (10.0.18362.959)

CPU:total 4 (initial active 4) (2 cores per cpu, 2 threads per core) family 6 model 78 stepping 3, cmov, cx8, fxsr, mmx, sse, sse2, sse3, ssse3, sse4.1, sse4.2, popcnt, avx, avx2, aes, clmul, erms, 3dnowpref, lzcnt, ht, tsc, tscinvbit, bmi1, bmi2, adx

Memory: 4k page, physical 4098048k(560260k free), swap 16680960k(5408k free)

vm_info: OpenJDK 64-Bit Server VM (25.242-b01) for windows-amd64 JRE (1.8.0_242-release-1644-b01), built by "builder" with MS VC++ 10.0 (VS2010)

time: Thu Jul 23 12:07:39 2020
timezone: Hora estándar del Este (México)
elapsed time: 1 seconds (0d 0h 0m 1s)

